<?xml version="1.0" encoding="UTF-8"?>
<!-- Generated by org.testng.reporters.JUnitXMLReporter -->
<testsuite ignored="0" hostname="DESKTOP-U8MLSUD" failures="0" tests="2" name="Default test" time="0.753" errors="0" timestamp="2022-11-02T20:54:11 IST">
  <testcase classname="TestVagrantAssignment.ValidateTestCases" name="validateForigenPlyaers" time="0.018"/>
  <testcase classname="TestVagrantAssignment.ValidateTestCases" name="validateWiketKiper" time="0.003"/>
</testsuite> <!-- Default test -->
